-encoding
UTF-8
-source
1.6
-target
1.6
-classpath
C:\Users\avvolkov\.m2\repository\aopalliance\aopalliance\1.0\aopalliance-1.0.jar;C:\Users\avvolkov\.m2\repository\c3p0\c3p0\0.9.1.2\c3p0-0.9.1.2.jar;C:\Users\avvolkov\.m2\repository\com\carrotsearch\randomizedtesting\randomizedtesting-runner\2.0.9\randomizedtesting-runner-2.0.9.jar;C:\Users\avvolkov\.m2\repository\com\ibm\icu\icu4j\49.1\icu4j-49.1.jar;C:\Users\avvolkov\.m2\repository\com\spatial4j\spatial4j\0.3\spatial4j-0.3.jar;C:\Users\avvolkov\.m2\repository\commons-lang\commons-lang\2.5\commons-lang-2.5.jar;C:\Users\avvolkov\.m2\repository\commons-logging\commons-logging\1.1.1\commons-logging-1.1.1.jar;C:\Users\avvolkov\.m2\repository\jakarta-regexp\jakarta-regexp\1.4\jakarta-regexp-1.4.jar;C:\Users\avvolkov\.m2\repository\javax\servlet\jstl\1.2\jstl-1.2.jar;C:\Users\avvolkov\.m2\repository\javax\servlet\servlet-api\2.3\servlet-api-2.3.jar;C:\Users\avvolkov\.m2\repository\net\sourceforge\nekohtml\nekohtml\1.9.17\nekohtml-1.9.17.jar;C:\Users\avvolkov\.m2\repository\org\apache\commons\commons-compress\1.4.1\commons-compress-1.4.1.jar;C:\Users\avvolkov\.m2\repository\org\apache\logging\log4j\log4j-api\2.0-beta7\log4j-api-2.0-beta7.jar;C:\Users\avvolkov\.m2\repository\org\apache\logging\log4j\log4j-core\2.0-beta7\log4j-core-2.0-beta7.jar;C:\Users\avvolkov\.m2\repository\org\apache\lucene\lucene-analyzers-common\4.3.1\lucene-analyzers-common-4.3.1.jar;C:\Users\avvolkov\.m2\repository\org\apache\lucene\lucene-analyzers-icu\4.3.1\lucene-analyzers-icu-4.3.1.jar;C:\Users\avvolkov\.m2\repository\org\apache\lucene\lucene-benchmark\4.3.1\lucene-benchmark-4.3.1.jar;C:\Users\avvolkov\.m2\repository\org\apache\lucene\lucene-codecs\4.3.1\lucene-codecs-4.3.1.jar;C:\Users\avvolkov\.m2\repository\org\apache\lucene\lucene-core\4.3.1\lucene-core-4.3.1.jar;C:\Users\avvolkov\.m2\repository\org\apache\lucene\lucene-facet\4.3.1\lucene-facet-4.3.1.jar;C:\Users\avvolkov\.m2\repository\org\apache\lucene\lucene-grouping\4.3.1\lucene-grouping-4.3.1.jar;C:\Users\avvolkov\.m2\repository\org\apache\lucene\lucene-highlighter\4.3.1\lucene-highlighter-4.3.1.jar;C:\Users\avvolkov\.m2\repository\org\apache\lucene\lucene-memory\4.3.1\lucene-memory-4.3.1.jar;C:\Users\avvolkov\.m2\repository\org\apache\lucene\lucene-misc\4.3.1\lucene-misc-4.3.1.jar;C:\Users\avvolkov\.m2\repository\org\apache\lucene\lucene-queries\4.3.1\lucene-queries-4.3.1.jar;C:\Users\avvolkov\.m2\repository\org\apache\lucene\lucene-queryparser\4.3.1\lucene-queryparser-4.3.1.jar;C:\Users\avvolkov\.m2\repository\org\apache\lucene\lucene-sandbox\4.3.1\lucene-sandbox-4.3.1.jar;C:\Users\avvolkov\.m2\repository\org\apache\lucene\lucene-spatial\4.3.1\lucene-spatial-4.3.1.jar;C:\Users\avvolkov\.m2\repository\org\apache\lucene\lucene-suggest\4.3.1\lucene-suggest-4.3.1.jar;C:\Users\avvolkov\.m2\repository\org\apache\lucene\lucene-test-framework\4.3.1\lucene-test-framework-4.3.1.jar;C:\Users\avvolkov\.m2\repository\org\aspectj\aspectjrt\1.7.1\aspectjrt-1.7.1.jar;C:\Users\avvolkov\.m2\repository\org\aspectj\aspectjweaver\1.7.1\aspectjweaver-1.7.1.jar;C:\Users\avvolkov\.m2\repository\org\quartz-scheduler\quartz\1.8.6\quartz-1.8.6.jar;C:\Users\avvolkov\.m2\repository\org\slf4j\slf4j-api\1.6.0\slf4j-api-1.6.0.jar;C:\Users\avvolkov\.m2\repository\org\slf4j\slf4j-simple\1.5.6\slf4j-simple-1.5.6.jar;C:\Users\avvolkov\.m2\repository\org\springframework\spring-aop\3.2.1.RELEASE\spring-aop-3.2.1.RELEASE.jar;C:\Users\avvolkov\.m2\repository\org\springframework\spring-aspects\3.2.1.RELEASE\spring-aspects-3.2.1.RELEASE.jar;C:\Users\avvolkov\.m2\repository\org\springframework\spring-beans\3.2.1.RELEASE\spring-beans-3.2.1.RELEASE.jar;C:\Users\avvolkov\.m2\repository\org\springframework\spring-context\3.2.1.RELEASE\spring-context-3.2.1.RELEASE.jar;C:\Users\avvolkov\.m2\repository\org\springframework\spring-context-support\3.2.1.RELEASE\spring-context-support-3.2.1.RELEASE.jar;C:\Users\avvolkov\.m2\repository\org\springframework\spring-core\3.2.1.RELEASE\spring-core-3.2.1.RELEASE.jar;C:\Users\avvolkov\.m2\repository\org\springframework\spring-expression\3.2.1.RELEASE\spring-expression-3.2.1.RELEASE.jar;C:\Users\avvolkov\.m2\repository\org\springframework\spring-jdbc\3.2.1.RELEASE\spring-jdbc-3.2.1.RELEASE.jar;C:\Users\avvolkov\.m2\repository\org\springframework\spring-orm\3.2.1.RELEASE\spring-orm-3.2.1.RELEASE.jar;C:\Users\avvolkov\.m2\repository\org\springframework\spring-oxm\3.2.1.RELEASE\spring-oxm-3.2.1.RELEASE.jar;C:\Users\avvolkov\.m2\repository\org\springframework\spring-tx\3.2.1.RELEASE\spring-tx-3.2.1.RELEASE.jar;C:\Users\avvolkov\.m2\repository\org\springframework\spring-web\3.2.1.RELEASE\spring-web-3.2.1.RELEASE.jar;C:\Users\avvolkov\.m2\repository\org\springframework\spring-webmvc\3.2.1.RELEASE\spring-webmvc-3.2.1.RELEASE.jar;C:\Users\avvolkov\.m2\repository\postgresql\postgresql\9.1-901.jdbc4\postgresql-9.1-901.jdbc4.jar;C:\Users\avvolkov\.m2\repository\xerces\xercesImpl\2.9.1\xercesImpl-2.9.1.jar;C:\dev\SearchSysLucene\target\classes
-d
C:\dev\SearchSysLucene\target\classes
C:\dev\SearchSysLucene\src\main\java\com\searchengine\bool\web\config\ApplicationService.java
C:\dev\SearchSysLucene\src\main\java\com\searchengine\bool\web\form\SearchResult.java
C:\dev\SearchSysLucene\src\main\java\com\searchengine\bool\anootation\LoggingBefore.java
C:\dev\SearchSysLucene\src\main\java\com\searchengine\bool\aspect\LoggingInterceptor.java
C:\dev\SearchSysLucene\src\main\java\com\searchengine\bool\web\config\ApplicationServiceImpl.java
C:\dev\SearchSysLucene\src\main\java\com\searchengine\bool\web\servlet\SearchDispatcherServlet.java
C:\dev\SearchSysLucene\src\main\java\com\searchengine\bool\web\controller\SearchController.java
C:\dev\SearchSysLucene\src\main\java\com\searchengine\bool\service\SearchService.java
C:\dev\SearchSysLucene\src\main\java\com\searchengine\bool\anootation\LoggingAfter.java
C:\dev\SearchSysLucene\src\main\java\com\searchengine\bool\Main.java
C:\dev\SearchSysLucene\src\main\java\com\searchengine\bool\anootation\Logging.java
C:\dev\SearchSysLucene\src\main\java\com\searchengine\bool\aspect\ApplicationServiceInterceptor.java
C:\dev\SearchSysLucene\src\main\java\com\searchengine\bool\config\SearchConfig.java
C:\dev\SearchSysLucene\src\main\java\com\searchengine\bool\web\job\UpdateIndexJob.java
C:\dev\SearchSysLucene\src\main\java\com\searchengine\bool\aspect\ControllerInterceptor.java
C:\dev\SearchSysLucene\src\main\java\com\searchengine\bool\web\controller\CachedResult.java
